1650970172393	geckodriver	INFO	Listening on 127.0.0.1:63842
1650970175479	mozrunner::runner	INFO	Running command: "C:\\Program Files\\Mozilla Firefox\\firefox.exe" "--marionette" "--remote-debugging-port" "63843" "--remote-allow-hosts" "localhost" "-no-remote" "-profile" "C:\\Users\\JAKUB~1.RUS\\AppData\\Local\\Temp\\rust_mozprofile3CGB8m"
1650970176296	Marionette	INFO	Marionette enabled
console.warn: SearchSettings: "get: No settings file exists, new profile?" (new NotFoundError("Could not open the file at C:\\Users\\JAKUB~1.RUS\\AppData\\Local\\Temp\\rust_mozprofile3CGB8m\\search.json.mozlz4", (void 0)))
DevTools listening on ws://localhost:63843/devtools/browser/f8e5ee6e-75aa-4da2-b740-0a70b454961c
1650970178208	Marionette	INFO	Listening on port 63864
Read port: 63864
1650970178243	RemoteAgent	WARN	TLS certificate errors will be ignored for this session
1650970511476	Marionette	INFO	Stopped listening on port 63864
console.warn: TopSitesFeed: Failed to fetch data from Contile server: NetworkError when attempting to fetch resource.
remote-debugging-port" "63923" "--remote-allow-hosts" "localhost" "-no-remote" "-profile" "C:\\Users\\JAKUB~1.RUS\\AppData\\Local\\Temp\\rust_mozprofilenEfBmh"
1650970220852	Marionette	INFO	Marionette enabled
console.warn: SearchSettings: "get: No settings file exists, new profile?" (new NotFoundError("Could not open the file at C:\\Users\\JAKUB~1.RUS\\AppData\\Local\\Temp\\rust_mozprofilenEfBmh\\search.json.mozlz4", (void 0)))
DevTools listening on ws://localhost:63923/devtools/browser/2804551c-0c3a-421f-9c6e-ad43cfb117f7
1650970222630	Marionette	INFO	Listening on port 63943
Read port: 63943
1650970222711	RemoteAgent	WARN	TLS certificate errors will be ignored for this session
JavaScript error: resource://gre/modules/AsyncShutdown.jsm, line 575: NotFoundError: No such JSWindowActor 'DevToolsFrame'
JavaScript error: resource://gre/modules/AsyncShutdown.jsm, line 575: NotFoundError: No such JSWindowActor 'DevToolsFrame'
1650970511514	Marionette	INFO	Stopped listening on port 63943
console.warn: TopSitesFeed: Failed to fetch data from Contile server: NetworkError when attempting to fetch resource.
 settings file exists, new profile?" (new NotFoundError("Could not open the file at C:\\Users\\JAKUB~1.RUS\\AppData\\Local\\Temp\\rust_mozprofile6mkmWm\\search.json.mozlz4", (void 0)))
DevTools listening on ws://localhost:64013/devtools/browser/3fbaaab7-925c-448a-9948-a0ace5cb9cf7
1650970277064	Marionette	INFO	Listening on port 64033
Read port: 64033
1650970277107	RemoteAgent	WARN	TLS certificate errors will be ignored for this session
console.warn: LoginRecipes: "getRecipes: falling back to a synchronous message for:" "http://www.polskajazda.pl"
1650970282820	Marionette	INFO	Stopped listening on port 64033
console.warn: TopSitesFeed: Failed to fetch data from Contile server: NetworkError when attempting to fetch resource.

###!!! [Parent][PGPUParent] Error: RunMessage(msgname=PGPU::Msg_ShutdownVR) Channel closing: too late to send/recv, messages will be lost

1650970410894	geckodriver	INFO	Listening on 127.0.0.1:64094
1650970413941	mozrunner::runner	INFO	Running command: "C:\\Program Files\\Mozilla Firefox\\firefox.exe" "--marionette" "--remote-debugging-port" "64095" "--remote-allow-hosts" "localhost" "-no-remote" "-profile" "C:\\Users\\JAKUB~1.RUS\\AppData\\Local\\Temp\\rust_mozprofile1wjwC9"
1650970414272	Marionette	INFO	Marionette enabled
console.warn: SearchSettings: "get: No settings file exists, new profile?" (new NotFoundError("Could not open the file at C:\\Users\\JAKUB~1.RUS\\AppData\\Local\\Temp\\rust_mozprofile1wjwC9\\search.json.mozlz4", (void 0)))
DevTools listening on ws://localhost:64095/devtools/browser/dc14f582-081c-4453-8912-290e64ebc322
1650970416126	Marionette	INFO	Listening on port 64116
Read port: 64116
1650970416193	RemoteAgent	WARN	TLS certificate errors will be ignored for this session
1650970508206	Marionette	INFO	Stopped listening on port 64116
console.warn: TopSitesFeed: Failed to fetch data from Contile server: NetworkError when attempting to fetch resource.
1650970607136	geckodriver	INFO	Listening on 127.0.0.1:64220
1650970610205	mozrunner::runner	INFO	Running command: "C:\\Program Files\\Mozilla Firefox\\firefox.exe" "--marionette" "--remote-debugging-port" "64221" "--remote-allow-hosts" "localhost" "-no-remote" "-profile" "C:\\Users\\JAKUB~1.RUS\\AppData\\Local\\Temp\\rust_mozprofileqNsV87"
1650970610534	Marionette	INFO	Marionette enabled
console.warn: SearchSettings: "get: No settings file exists, new profile?" (new NotFoundError("Could not open the file at C:\\Users\\JAKUB~1.RUS\\AppData\\Local\\Temp\\rust_mozprofileqNsV87\\search.json.mozlz4", (void 0)))
DevTools listening on ws://localhost:64221/devtools/browser/b38ffbb0-cfd2-4cb5-b9ef-31b6156e0d16
1650970612346	Marionette	INFO	Listening on port 64241
Read port: 64241
1650970612418	RemoteAgent	WARN	TLS certificate errors will be ignored for this session
JavaScript error: resource://gre/modules/AsyncShutdown.jsm, line 575: NotFoundError: No such JSWindowActor 'DevToolsFrame'
JavaScript error: resource://gre/modules/AsyncShutdown.jsm, line 575: NotFoundError: No such JSWindowActor 'DevToolsFrame'
1650970789232	Marionette	INFO	Stopped listening on port 64241
\\Temp\\rust_mozprofileeV8Ovl"
1650970673910	Marionette	INFO	Marionette enabled
console.warn: SearchSettings: "get: No settings file exists, new profile?" (new NotFoundError("Could not open the file at C:\\Users\\JAKUB~1.RUS\\AppData\\Local\\Temp\\rust_mozprofileeV8Ovl\\search.json.mozlz4", (void 0)))
DevTools listening on ws://localhost:64317/devtools/browser/0e184e83-e9b6-4b31-9b2a-5311e45f8d34
1650970675664	Marionette	INFO	Listening on port 64341
Read port: 64341
1650970675747	RemoteAgent	WARN	TLS certificate errors will be ignored for this session
console.warn: LoginRecipes: "getRecipes: falling back to a synchronous message for:" "http://www.polskajazda.pl"
1650970679051	Marionette	INFO	Stopped listening on port 64341
JavaScript error: resource:///modules/FaviconLoader.jsm, line 598: InvalidStateError: JSWindowActorChild.sendAsyncMessage: JSWindowActorChild cannot send at the moment
1650970695350	geckodriver	INFO	Listening on 127.0.0.1:64399
1650970698375	mozrunner::runner	INFO	Running command: "C:\\Program Files\\Mozilla Firefox\\firefox.exe" "--marionette" "--remote-debugging-port" "64400" "--remote-allow-hosts" "localhost" "-no-remote" "-profile" "C:\\Users\\JAKUB~1.RUS\\AppData\\Local\\Temp\\rust_mozprofileES5xH0"
1650970698697	Marionette	INFO	Marionette enabled
console.warn: SearchSettings: "get: No settings file exists, new profile?" (new NotFoundError("Could not open the file at C:\\Users\\JAKUB~1.RUS\\AppData\\Local\\Temp\\rust_mozprofileES5xH0\\search.json.mozlz4", (void 0)))
DevTools listening on ws://localhost:64400/devtools/browser/1a2ad662-d4b3-4cc5-8001-10c1279e0c86
1650970700616	Marionette	INFO	Listening on port 64424
Read port: 64424
1650970700684	RemoteAgent	WARN	TLS certificate errors will be ignored for this session
console.warn: LoginRecipes: "getRecipes: falling back to a synchronous message for:" "http://www.polskajazda.pl"
1650970708737	Marionette	INFO	Stopped listening on port 64424

###!!! [Parent][PGPUParent] Error: RunMessage(msgname=PGPU::Msg_ShutdownVR) Channel closing: too late to send/recv, messages will be lost

1650970723473	geckodriver	INFO	Listening on 127.0.0.1:64475
1650970726554	mozrunner::runner	INFO	Running command: "C:\\Program Files\\Mozilla Firefox\\firefox.exe" "--marionette" "--remote-debugging-port" "64476" "--remote-allow-hosts" "localhost" "-no-remote" "-profile" "C:\\Users\\JAKUB~1.RUS\\AppData\\Local\\Temp\\rust_mozprofilelgPMnA"
1650970726890	Marionette	INFO	Marionette enabled
console.warn: SearchSettings: "get: No settings file exists, new profile?" (new NotFoundError("Could not open the file at C:\\Users\\JAKUB~1.RUS\\AppData\\Local\\Temp\\rust_mozprofilelgPMnA\\search.json.mozlz4", (void 0)))
DevTools listening on ws://localhost:64476/devtools/browser/1c037205-c4fd-4c8c-9fe4-763707899bf7
1650970728780	Marionette	INFO	Listening on port 64496
Read port: 64496
1650970728819	RemoteAgent	WARN	TLS certificate errors will be ignored for this session
1650970786850	Marionette	INFO	Stopped listening on port 64496
console.warn: TopSitesFeed: Failed to fetch data from Contile server: NetworkError when attempting to fetch resource.
remote-debugging-port" "64552" "--remote-allow-hosts" "localhost" "-no-remote" "-profile" "C:\\Users\\JAKUB~1.RUS\\AppData\\Local\\Temp\\rust_mozprofileOyXIs6"
1650970759151	Marionette	INFO	Marionette enabled
console.warn: SearchSettings: "get: No settings file exists, new profile?" (new NotFoundError("Could not open the file at C:\\Users\\JAKUB~1.RUS\\AppData\\Local\\Temp\\rust_mozprofileOyXIs6\\search.json.mozlz4", (void 0)))
DevTools listening on ws://localhost:64552/devtools/browser/9a134a4c-2ddc-4f78-9c86-a7b08664cfc5
1650970761035	Marionette	INFO	Listening on port 64572
Read port: 64572
1650970761128	RemoteAgent	WARN	TLS certificate errors will be ignored for this session
1650970788098	Marionette	INFO	Stopped listening on port 64572
console.warn: TopSitesFeed: Failed to fetch data from Contile server: NetworkError when attempting to fetch resource.
1650971052455	geckodriver	INFO	Listening on 127.0.0.1:64661
1650971055490	mozrunner::runner	INFO	Running command: "C:\\Program Files\\Mozilla Firefox\\firefox.exe" "--marionette" "--remote-debugging-port" "64662" "--remote-allow-hosts" "localhost" "-no-remote" "-profile" "C:\\Users\\JAKUB~1.RUS\\AppData\\Local\\Temp\\rust_mozprofileX4eDwL"
1650971055813	Marionette	INFO	Marionette enabled
console.warn: SearchSettings: "get: No settings file exists, new profile?" (new NotFoundError("Could not open the file at C:\\Users\\JAKUB~1.RUS\\AppData\\Local\\Temp\\rust_mozprofileX4eDwL\\search.json.mozlz4", (void 0)))
DevTools listening on ws://localhost:64662/devtools/browser/69832589-6cf2-414f-947a-3f8469cbaabd
1650971057554	Marionette	INFO	Listening on port 64682
Read port: 64682
1650971057603	RemoteAgent	WARN	TLS certificate errors will be ignored for this session
1650971066112	Marionette	INFO	Stopped listening on port 64682
console.warn: TopSitesFeed: Failed to fetch data from Contile server: NetworkError when attempting to fetch resource.
1650971147201	geckodriver	INFO	Listening on 127.0.0.1:64741
1650971150272	mozrunner::runner	INFO	Running command: "C:\\Program Files\\Mozilla Firefox\\firefox.exe" "--marionette" "--remote-debugging-port" "64742" "--remote-allow-hosts" "localhost" "-no-remote" "-profile" "C:\\Users\\JAKUB~1.RUS\\AppData\\Local\\Temp\\rust_mozprofilee2k7dV"
1650971150603	Marionette	INFO	Marionette enabled
console.warn: SearchSettings: "get: No settings file exists, new profile?" (new NotFoundError("Could not open the file at C:\\Users\\JAKUB~1.RUS\\AppData\\Local\\Temp\\rust_mozprofilee2k7dV\\search.json.mozlz4", (void 0)))
DevTools listening on ws://localhost:64742/devtools/browser/47b1674a-f1ae-442e-a0ec-9d50c2e43058
1650971152419	Marionette	INFO	Listening on port 64763
Read port: 64763
1650971152476	RemoteAgent	WARN	TLS certificate errors will be ignored for this session
1650971165126	Marionette	INFO	Stopped listening on port 64763
console.warn: TopSitesFeed: Failed to fetch data from Contile server: NetworkError when attempting to fetch resource.
1650971177354	geckodriver	INFO	Listening on 127.0.0.1:64794
1650971180409	mozrunner::runner	INFO	Running command: "C:\\Program Files\\Mozilla Firefox\\firefox.exe" "--marionette" "--remote-debugging-port" "64795" "--remote-allow-hosts" "localhost" "-no-remote" "-profile" "C:\\Users\\JAKUB~1.RUS\\AppData\\Local\\Temp\\rust_mozprofilexqftd7"
1650971180735	Marionette	INFO	Marionette enabled
console.warn: SearchSettings: "get: No settings file exists, new profile?" (new NotFoundError("Could not open the file at C:\\Users\\JAKUB~1.RUS\\AppData\\Local\\Temp\\rust_mozprofilexqftd7\\search.json.mozlz4", (void 0)))
DevTools listening on ws://localhost:64795/devtools/browser/145dd84a-73c2-4080-846b-a4d8ac23d6e4
1650971182588	Marionette	INFO	Listening on port 64816
Read port: 64816
1650971182675	RemoteAgent	WARN	TLS certificate errors will be ignored for this session
console.warn: LoginRecipes: "getRecipes: falling back to a synchronous message for:" "http://www.polskajazda.pl"
1650971190415	Marionette	INFO	Stopped listening on port 64816
console.warn: TopSitesFeed: Failed to fetch data from Contile server: NetworkError when attempting to fetch resource.
JavaScript error: chrome://remote/content/marionette/cert.js, line 55: NS_ERROR_NOT_AVAILABLE: Component returned failure code: 0x80040111 (NS_ERROR_NOT_AVAILABLE) [nsICertOverrideService.setDisableAllSecurityChecksAndLetAttackersInterceptMyData]
1650971220945	geckodriver	INFO	Listening on 127.0.0.1:64895
1650971223997	mozrunner::runner	INFO	Running command: "C:\\Program Files\\Mozilla Firefox\\firefox.exe" "--marionette" "--remote-debugging-port" "64896" "--remote-allow-hosts" "localhost" "-no-remote" "-profile" "C:\\Users\\JAKUB~1.RUS\\AppData\\Local\\Temp\\rust_mozprofileP54D83"
1650971224336	Marionette	INFO	Marionette enabled
console.warn: SearchSettings: "get: No settings file exists, new profile?" (new NotFoundError("Could not open the file at C:\\Users\\JAKUB~1.RUS\\AppData\\Local\\Temp\\rust_mozprofileP54D83\\search.json.mozlz4", (void 0)))
DevTools listening on ws://localhost:64896/devtools/browser/a319e7ba-5e27-40d5-a249-d684ca5d33ae
1650971226221	Marionette	INFO	Listening on port 64916
Read port: 64916
1650971226312	RemoteAgent	WARN	TLS certificate errors will be ignored for this session
console.warn: LoginRecipes: "getRecipes: falling back to a synchronous message for:" "http://www.polskajazda.pl"
1650971233756	Marionette	INFO	Stopped listening on port 64916

###!!! [Parent][PGPUParent] Error: RunMessage(msgname=PGPU::Msg_ShutdownVR) Channel closing: too late to send/recv, messages will be lost

1650971655348	geckodriver	INFO	Listening on 127.0.0.1:64996
1650971658401	mozrunner::runner	INFO	Running command: "C:\\Program Files\\Mozilla Firefox\\firefox.exe" "--marionette" "--remote-debugging-port" "64997" "--remote-allow-hosts" "localhost" "-no-remote" "-profile" "C:\\Users\\JAKUB~1.RUS\\AppData\\Local\\Temp\\rust_mozprofileXHn2qV"
1650971658732	Marionette	INFO	Marionette enabled
console.warn: SearchSettings: "get: No settings file exists, new profile?" (new NotFoundError("Could not open the file at C:\\Users\\JAKUB~1.RUS\\AppData\\Local\\Temp\\rust_mozprofileXHn2qV\\search.json.mozlz4", (void 0)))
DevTools listening on ws://localhost:64997/devtools/browser/48d384f8-a090-4319-bd2b-f59dd5bee98e
1650971660664	Marionette	INFO	Listening on port 65019
Read port: 65019
1650971660724	RemoteAgent	WARN	TLS certificate errors will be ignored for this session
console.warn: LoginRecipes: "getRecipes: falling back to a synchronous message for:" "http://www.polskajazda.pl"
1650971666398	Marionette	INFO	Stopped listening on port 65019
1650972614694	geckodriver	INFO	Listening on 127.0.0.1:65254
1650972617799	mozrunner::runner	INFO	Running command: "C:\\Program Files\\Mozilla Firefox\\firefox.exe" "--marionette" "--remote-debugging-port" "65255" "--remote-allow-hosts" "localhost" "-no-remote" "-profile" "C:\\Users\\JAKUB~1.RUS\\AppData\\Local\\Temp\\rust_mozprofile4cW4vA"
1650972618150	Marionette	INFO	Marionette enabled
console.warn: SearchSettings: "get: No settings file exists, new profile?" (new NotFoundError("Could not open the file at C:\\Users\\JAKUB~1.RUS\\AppData\\Local\\Temp\\rust_mozprofile4cW4vA\\search.json.mozlz4", (void 0)))
DevTools listening on ws://localhost:65255/devtools/browser/fa207195-f156-436c-ac0e-bed1ffff2c94
1650972620068	Marionette	INFO	Listening on port 65276
Read port: 65276
1650972620125	RemoteAgent	WARN	TLS certificate errors will be ignored for this session
console.warn: LoginRecipes: "getRecipes: falling back to a synchronous message for:" "https://stackoverflow.com"
JavaScript error: resource://gre/modules/AsyncShutdown.jsm, line 575: NotFoundError: No such JSWindowActor 'DevToolsFrame'
JavaScript error: resource://gre/modules/AsyncShutdown.jsm, line 575: NotFoundError: No such JSWindowActor 'DevToolsFrame'
JavaScript error: resource://gre/modules/AsyncShutdown.jsm, line 575: NotFoundError: No such JSWindowActor 'DevToolsFrame'
JavaScript error: resource://gre/modules/AsyncShutdown.jsm, line 575: NotFoundError: No such JSWindowActor 'DevToolsFrame'
JavaScript error: resource://gre/modules/AsyncShutdown.jsm, line 575: NotFoundError: No such JSWindowActor 'DevToolsFrame'
1650972945957	Marionette	INFO	Stopped listening on port 65276

###!!! [Parent][PGPUParent] Error: RunMessage(msgname=PGPU::Msg_ShutdownVR) Channel closing: too late to send/recv, messages will be lost

ficate errors will be ignored for this session
console.warn: LoginRecipes: "getRecipes: falling back to a synchronous message for:" "https://stackoverflow.com"
console.warn: LoginRecipes: "getRecipes: falling back to a synchronous message for:" "https://stackoverflow.com"
console.error: (new TypeError("currentNode is null", "resource://devtools/client/inspector/shared/style-change-tracker.js", 66))
TypeError: currentNode is null: canMutationImpactCurrentStyles@resource://devtools/client/inspector/shared/style-change-tracker.js:66:20
onMutations@resource://devtools/client/inspector/shared/style-change-tracker.js:84:41
_emit@resource://devtools/shared/event-emitter.js:242:32
emit@resource://devtools/shared/event-emitter.js:186:18
emit@resource://devtools/shared/event-emitter.js:330:18
getMutations@resource://devtools/client/fronts/walker.js:312:10

console.error: (new TypeError("currentNode is null", "resource://devtools/client/inspector/shared/style-change-tracker.js", 66))
TypeError: currentNode is null: canMutationImpactCurrentStyles@resource://devtools/client/inspector/shared/style-change-tracker.js:66:20
onMutations@resource://devtools/client/inspector/shared/style-change-tracker.js:84:41
_emit@resource://devtools/shared/event-emitter.js:242:32
emit@resource://devtools/shared/event-emitter.js:186:18
emit@resource://devtools/shared/event-emitter.js:330:18
getMutations@resource://devtools/client/fronts/walker.js:312:10

console.error: (new TypeError("currentNode is null", "resource://devtools/client/inspector/shared/style-change-tracker.js", 66))
TypeError: currentNode is null: canMutationImpactCurrentStyles@resource://devtools/client/inspector/shared/style-change-tracker.js:66:20
onMutations@resource://devtools/client/inspector/shared/style-change-tracker.js:84:41
_emit@resource://devtools/shared/event-emitter.js:242:32
emit@resource://devtools/shared/event-emitter.js:186:18
emit@resource://devtools/shared/event-emitter.js:330:18
getMutations@resource://devtools/client/fronts/walker.js:312:10

console.error: (new TypeError("currentNode is null", "resource://devtools/client/inspector/shared/style-change-tracker.js", 66))
TypeError: currentNode is null: canMutationImpactCurrentStyles@resource://devtools/client/inspector/shared/style-change-tracker.js:66:20
onMutations@resource://devtools/client/inspector/shared/style-change-tracker.js:84:41
_emit@resource://devtools/shared/event-emitter.js:242:32
emit@resource://devtools/shared/event-emitter.js:186:18
emit@resource://devtools/shared/event-emitter.js:330:18
getMutations@resource://devtools/client/fronts/walker.js:312:10

console.error: (new TypeError("currentNode is null", "resource://devtools/client/inspector/shared/style-change-tracker.js", 66))
TypeError: currentNode is null: canMutationImpactCurrentStyles@resource://devtools/client/inspector/shared/style-change-tracker.js:66:20
onMutations@resource://devtools/client/inspector/shared/style-change-tracker.js:84:41
_emit@resource://devtools/shared/event-emitter.js:242:32
emit@resource://devtools/shared/event-emitter.js:186:18
emit@resource://devtools/shared/event-emitter.js:330:18
getMutations@resource://devtools/client/fronts/walker.js:312:10

console.error: (new TypeError("currentNode is null", "resource://devtools/client/inspector/shared/style-change-tracker.js", 66))
TypeError: currentNode is null: canMutationImpactCurrentStyles@resource://devtools/client/inspector/shared/style-change-tracker.js:66:20
onMutations@resource://devtools/client/inspector/shared/style-change-tracker.js:84:41
_emit@resource://devtools/shared/event-emitter.js:242:32
emit@resource://devtools/shared/event-emitter.js:186:18
emit@resource://devtools/shared/event-emitter.js:330:18
getMutations@resource://devtools/client/fronts/walker.js:312:10

JavaScript warning: https://pagead2.googlesyndication.com/bg/JAPUMHT_zNnrVfwA4fX3UESFQekER8YYbnBYivkpjVo.js line 1 > eval line 3547 > eval line 1 > eval line 1 > eval, line 1: WEBGL_debug_renderer_info is deprecated in Firefox and will be removed. Please use RENDERER.
console.error: "Unable to find target with innerWindowId:2147483666"
JavaScript error: resource://gre/modules/AsyncShutdown.jsm, line 575: NotFoundError: No such JSWindowActor 'DevToolsFrame'
JavaScript error: resource://gre/modules/AsyncShutdown.jsm, line 575: NotFoundError: No such JSWindowActor 'DevToolsFrame'
JavaScript error: resource://gre/modules/AsyncShutdown.jsm, line 575: NotFoundError: No such JSWindowActor 'DevToolsFrame'
JavaScript error: resource://gre/modules/AsyncShutdown.jsm, line 575: NotFoundError: No such JSWindowActor 'DevToolsFrame'
JavaScript error: resource://gre/modules/AsyncShutdown.jsm, line 575: NotFoundError: No such JSWindowActor 'DevToolsFrame'
1650972945979	Marionette	INFO	Stopped listening on port 65387
2-fb82-46a6-8d8c-e43c983100cf
1650972933122	Marionette	INFO	Listening on port 65477
Read port: 65477
1650972933217	RemoteAgent	WARN	TLS certificate errors will be ignored for this session
console.warn: LoginRecipes: "getRecipes: falling back to a synchronous message for:" "https://stackoverflow.com"
1650972942479	Marionette	INFO	Stopped listening on port 65477
JavaScript error: , line 0: TypeError: NetworkError when attempting to fetch resource.
console.warn: TopSitesFeed: Failed to fetch data from Contile server: NetworkError when attempting to fetch resource.
1650972948389	geckodriver	INFO	Listening on 127.0.0.1:65520
1650972951448	mozrunner::runner	INFO	Running command: "C:\\Program Files\\Mozilla Firefox\\firefox.exe" "--marionette" "--remote-debugging-port" "65521" "--remote-allow-hosts" "localhost" "-no-remote" "-profile" "C:\\Users\\JAKUB~1.RUS\\AppData\\Local\\Temp\\rust_mozprofile0BagPP"
1650972951785	Marionette	INFO	Marionette enabled
console.warn: SearchSettings: "get: No settings file exists, new profile?" (new NotFoundError("Could not open the file at C:\\Users\\JAKUB~1.RUS\\AppData\\Local\\Temp\\rust_mozprofile0BagPP\\search.json.mozlz4", (void 0)))
DevTools listening on ws://localhost:65521/devtools/browser/3c5eb94f-ffd2-4c83-8754-832dbb63aecc
1650972953681	Marionette	INFO	Listening on port 49159
Read port: 49159
1650972953714	RemoteAgent	WARN	TLS certificate errors will be ignored for this session
console.warn: LoginRecipes: "getRecipes: falling back to a synchronous message for:" "https://stackoverflow.com"
1650973068622	Marionette	INFO	Stopped listening on port 49159
JavaScript error: , line 0: TypeError: NetworkError when attempting to fetch resource.
console.warn: TopSitesFeed: Failed to fetch data from Contile server: NetworkError when attempting to fetch resource.
1651005543549	geckodriver	INFO	Listening on 127.0.0.1:55546
1651005546604	mozrunner::runner	INFO	Running command: "C:\\Program Files\\Mozilla Firefox\\firefox.exe" "--marionette" "--remote-debugging-port" "55547" "--remote-allow-hosts" "localhost" "-no-remote" "-profile" "C:\\Users\\JAKUB~1.RUS\\AppData\\Local\\Temp\\rust_mozprofileAVPego"
1651005549033	Marionette	INFO	Marionette enabled
console.warn: SearchSettings: "get: No settings file exists, new profile?" (new NotFoundError("Could not open the file at C:\\Users\\JAKUB~1.RUS\\AppData\\Local\\Temp\\rust_mozprofileAVPego\\search.json.mozlz4", (void 0)))
DevTools listening on ws://localhost:55547/devtools/browser/542e7375-44e2-4421-973a-2392ec06c0ce
1651005553215	Marionette	INFO	Listening on port 55570
Read port: 55570
1651005553258	RemoteAgent	WARN	TLS certificate errors will be ignored for this session
console.warn: LoginRecipes: "getRecipes: falling back to a synchronous message for:" "http://www.polskajazda.pl"
1651005561819	Marionette	INFO	Stopped listening on port 55570

###!!! [Parent][PGPUParent] Error: RunMessage(msgname=PGPU::Msg_ShutdownVR) Channel closing: too late to send/recv, messages will be lost

1651005606536	geckodriver	INFO	Listening on 127.0.0.1:55630
1651005609608	mozrunner::runner	INFO	Running command: "C:\\Program Files\\Mozilla Firefox\\firefox.exe" "--marionette" "--remote-debugging-port" "55631" "--remote-allow-hosts" "localhost" "-no-remote" "-profile" "C:\\Users\\JAKUB~1.RUS\\AppData\\Local\\Temp\\rust_mozprofileF82UHS"
1651005610354	Marionette	INFO	Marionette enabled
console.warn: SearchSettings: "get: No settings file exists, new profile?" (new NotFoundError("Could not open the file at C:\\Users\\JAKUB~1.RUS\\AppData\\Local\\Temp\\rust_mozprofileF82UHS\\search.json.mozlz4", (void 0)))
DevTools listening on ws://localhost:55631/devtools/browser/7184e29b-5949-4fe2-8296-8bdee95015ac
1651005613434	Marionette	INFO	Listening on port 55654
Read port: 55654
1651005613511	RemoteAgent	WARN	TLS certificate errors will be ignored for this session
console.warn: LoginRecipes: "getRecipes: falling back to a synchronous message for:" "http://www.polskajazda.pl"
1651005621882	Marionette	INFO	Stopped listening on port 55654
1651006288190	geckodriver	INFO	Listening on 127.0.0.1:55869
1651006291261	mozrunner::runner	INFO	Running command: "C:\\Program Files\\Mozilla Firefox\\firefox.exe" "--marionette" "--remote-debugging-port" "55870" "--remote-allow-hosts" "localhost" "-no-remote" "-profile" "C:\\Users\\JAKUB~1.RUS\\AppData\\Local\\Temp\\rust_mozprofile0BqS6u"
1651006292060	Marionette	INFO	Marionette enabled
console.warn: SearchSettings: "get: No settings file exists, new profile?" (new NotFoundError("Could not open the file at C:\\Users\\JAKUB~1.RUS\\AppData\\Local\\Temp\\rust_mozprofile0BqS6u\\search.json.mozlz4", (void 0)))
DevTools listening on ws://localhost:55870/devtools/browser/9abf6fc2-0fac-4131-a458-bef5bd847adc
1651006295799	Marionette	INFO	Listening on port 55894
Read port: 55894
1651006295894	RemoteAgent	WARN	TLS certificate errors will be ignored for this session
1651006297422	Marionette	INFO	Stopped listening on port 55894
console.warn: TopSitesFeed: Failed to fetch data from Contile server: NetworkError when attempting to fetch resource.
JavaScript error: chrome://remote/content/marionette/cert.js, line 55: NS_ERROR_NOT_AVAILABLE: Component returned failure code: 0x80040111 (NS_ERROR_NOT_AVAILABLE) [nsICertOverrideService.setDisableAllSecurityChecksAndLetAttackersInterceptMyData]
1651007185268	geckodriver	INFO	Listening on 127.0.0.1:55992
1651007188303	mozrunner::runner	INFO	Running command: "C:\\Program Files\\Mozilla Firefox\\firefox.exe" "--marionette" "--remote-debugging-port" "55993" "--remote-allow-hosts" "localhost" "-no-remote" "-profile" "C:\\Users\\JAKUB~1.RUS\\AppData\\Local\\Temp\\rust_mozprofileIGzedJ"
1651007189102	Marionette	INFO	Marionette enabled
console.warn: SearchSettings: "get: No settings file exists, new profile?" (new NotFoundError("Could not open the file at C:\\Users\\JAKUB~1.RUS\\AppData\\Local\\Temp\\rust_mozprofileIGzedJ\\search.json.mozlz4", (void 0)))
DevTools listening on ws://localhost:55993/devtools/browser/61b5d205-eda7-4021-8f18-9e88d438ee27
1651007193257	Marionette	INFO	Listening on port 56020
Read port: 56020
1651007193397	RemoteAgent	WARN	TLS certificate errors will be ignored for this session
1651007196923	Marionette	INFO	Stopped listening on port 56020
JavaScript error: chrome://remote/content/marionette/cert.js, line 55: NS_ERROR_NOT_AVAILABLE: Component returned failure code: 0x80040111 (NS_ERROR_NOT_AVAILABLE) [nsICertOverrideService.setDisableAllSecurityChecksAndLetAttackersInterceptMyData]
1651007688093	geckodriver	INFO	Listening on 127.0.0.1:56092
1651007691173	mozrunner::runner	INFO	Running command: "C:\\Program Files\\Mozilla Firefox\\firefox.exe" "--marionette" "--remote-debugging-port" "56093" "--remote-allow-hosts" "localhost" "-no-remote" "-profile" "C:\\Users\\JAKUB~1.RUS\\AppData\\Local\\Temp\\rust_mozprofileQAAv7h"
1651007691993	Marionette	INFO	Marionette enabled
console.warn: SearchSettings: "get: No settings file exists, new profile?" (new NotFoundError("Could not open the file at C:\\Users\\JAKUB~1.RUS\\AppData\\Local\\Temp\\rust_mozprofileQAAv7h\\search.json.mozlz4", (void 0)))
DevTools listening on ws://localhost:56093/devtools/browser/be12d0b2-f9e6-4fb9-94f9-b057b009b838
1651007696006	Marionette	INFO	Listening on port 56119
Read port: 56119
1651007696141	RemoteAgent	WARN	TLS certificate errors will be ignored for this session
1651007696741	Marionette	INFO	Stopped listening on port 56119
console.warn: TopSitesFeed: Failed to fetch data from Contile server: NetworkError when attempting to fetch resource.
JavaScript error: chrome://remote/content/marionette/cert.js, line 55: NS_ERROR_NOT_AVAILABLE: Component returned failure code: 0x80040111 (NS_ERROR_NOT_AVAILABLE) [nsICertOverrideService.setDisableAllSecurityChecksAndLetAttackersInterceptMyData]
1651007705461	geckodriver	INFO	Listening on 127.0.0.1:56130
1651007708544	mozrunner::runner	INFO	Running command: "C:\\Program Files\\Mozilla Firefox\\firefox.exe" "--marionette" "--remote-debugging-port" "56131" "--remote-allow-hosts" "localhost" "-no-remote" "-profile" "C:\\Users\\JAKUB~1.RUS\\AppData\\Local\\Temp\\rust_mozprofileMtzfV2"
1651007709412	Marionette	INFO	Marionette enabled
console.warn: SearchSettings: "get: No settings file exists, new profile?" (new NotFoundError("Could not open the file at C:\\Users\\JAKUB~1.RUS\\AppData\\Local\\Temp\\rust_mozprofileMtzfV2\\search.json.mozlz4", (void 0)))
DevTools listening on ws://localhost:56131/devtools/browser/51ded12a-7076-42f5-b18f-18d3afbdfdc0
1651007712711	Marionette	INFO	Listening on port 56155
Read port: 56155
1651007712768	RemoteAgent	WARN	TLS certificate errors will be ignored for this session
1651007715395	Marionette	INFO	Stopped listening on port 56155
console.warn: TopSitesFeed: Failed to fetch data from Contile server: NetworkError when attempting to fetch resource.
JavaScript error: chrome://remote/content/marionette/cert.js, line 55: NS_ERROR_NOT_AVAILABLE: Component returned failure code: 0x80040111 (NS_ERROR_NOT_AVAILABLE) [nsICertOverrideService.setDisableAllSecurityChecksAndLetAttackersInterceptMyData]
1651007732593	geckodriver	INFO	Listening on 127.0.0.1:56195
1651007735650	mozrunner::runner	INFO	Running command: "C:\\Program Files\\Mozilla Firefox\\firefox.exe" "--marionette" "--remote-debugging-port" "56196" "--remote-allow-hosts" "localhost" "-no-remote" "-profile" "C:\\Users\\JAKUB~1.RUS\\AppData\\Local\\Temp\\rust_mozprofileJZYBXf"
1651007736820	Marionette	INFO	Marionette enabled
console.warn: SearchSettings: "get: No settings file exists, new profile?" (new NotFoundError("Could not open the file at C:\\Users\\JAKUB~1.RUS\\AppData\\Local\\Temp\\rust_mozprofileJZYBXf\\search.json.mozlz4", (void 0)))
DevTools listening on ws://localhost:56196/devtools/browser/aed90262-3003-41f7-8487-a52110a2c5ea
1651007740625	Marionette	INFO	Listening on port 56222
Read port: 56222
1651007740675	RemoteAgent	WARN	TLS certificate errors will be ignored for this session
console.warn: LoginRecipes: "getRecipes: falling back to a synchronous message for:" "http://www.polskajazda.pl"
1651007750168	Marionette	INFO	Stopped listening on port 56222

###!!! [Parent][PGPUParent] Error: RunMessage(msgname=PGPU::Msg_ShutdownVR) Channel closing: too late to send/recv, messages will be lost

1651007774109	geckodriver	INFO	Listening on 127.0.0.1:56271
1651007777186	mozrunner::runner	INFO	Running command: "C:\\Program Files\\Mozilla Firefox\\firefox.exe" "--marionette" "--remote-debugging-port" "56272" "--remote-allow-hosts" "localhost" "-no-remote" "-profile" "C:\\Users\\JAKUB~1.RUS\\AppData\\Local\\Temp\\rust_mozprofileStyt9G"
1651007778762	Marionette	INFO	Marionette enabled
console.warn: SearchSettings: "get: No settings file exists, new profile?" (new NotFoundError("Could not open the file at C:\\Users\\JAKUB~1.RUS\\AppData\\Local\\Temp\\rust_mozprofileStyt9G\\search.json.mozlz4", (void 0)))
DevTools listening on ws://localhost:56272/devtools/browser/663d82f1-d477-40c3-8302-b4a2b5cb1939
1651007782719	Marionette	INFO	Listening on port 56296
Read port: 56296
1651007782802	RemoteAgent	WARN	TLS certificate errors will be ignored for this session
console.warn: LoginRecipes: "getRecipes: falling back to a synchronous message for:" "http://www.polskajazda.pl"
1651007789787	Marionette	INFO	Stopped listening on port 56296
1651008040106	geckodriver	INFO	Listening on 127.0.0.1:56359
1651008043196	mozrunner::runner	INFO	Running command: "C:\\Program Files\\Mozilla Firefox\\firefox.exe" "--marionette" "--remote-debugging-port" "56360" "--remote-allow-hosts" "localhost" "-no-remote" "-profile" "C:\\Users\\JAKUB~1.RUS\\AppData\\Local\\Temp\\rust_mozprofileRLXrhQ"
1651008044273	Marionette	INFO	Marionette enabled
console.warn: SearchSettings: "get: No settings file exists, new profile?" (new NotFoundError("Could not open the file at C:\\Users\\JAKUB~1.RUS\\AppData\\Local\\Temp\\rust_mozprofileRLXrhQ\\search.json.mozlz4", (void 0)))
DevTools listening on ws://localhost:56360/devtools/browser/6d6f6e5a-e570-4612-acba-a9b9cd80ab5d
1651008047606	Marionette	INFO	Listening on port 56384
Read port: 56384
1651008047647	RemoteAgent	WARN	TLS certificate errors will be ignored for this session
1651008049362	Marionette	INFO	Stopped listening on port 56384
console.warn: TopSitesFeed: Failed to fetch data from Contile server: NetworkError when attempting to fetch resource.
JavaScript error: chrome://remote/content/marionette/cert.js, line 55: NS_ERROR_NOT_AVAILABLE: Component returned failure code: 0x80040111 (NS_ERROR_NOT_AVAILABLE) [nsICertOverrideService.setDisableAllSecurityChecksAndLetAttackersInterceptMyData]
1651008811189	geckodriver	INFO	Listening on 127.0.0.1:56455
1651008814259	mozrunner::runner	INFO	Running command: "C:\\Program Files\\Mozilla Firefox\\firefox.exe" "--marionette" "--remote-debugging-port" "56456" "--remote-allow-hosts" "localhost" "-no-remote" "-profile" "C:\\Users\\JAKUB~1.RUS\\AppData\\Local\\Temp\\rust_mozprofileegTHez"
1651008815043	Marionette	INFO	Marionette enabled
console.warn: SearchSettings: "get: No settings file exists, new profile?" (new NotFoundError("Could not open the file at C:\\Users\\JAKUB~1.RUS\\AppData\\Local\\Temp\\rust_mozprofileegTHez\\search.json.mozlz4", (void 0)))
console.warn: services.settings: main/query-stripping sync interrupted by shutdown
1651008854358	geckodriver	INFO	Listening on 127.0.0.1:56484
1651008857426	mozrunner::runner	INFO	Running command: "C:\\Program Files\\Mozilla Firefox\\firefox.exe" "--marionette" "--remote-debugging-port" "56485" "--remote-allow-hosts" "localhost" "-no-remote" "-profile" "C:\\Users\\JAKUB~1.RUS\\AppData\\Local\\Temp\\rust_mozprofileIGFMKK"
1651008858177	Marionette	INFO	Marionette enabled
console.warn: SearchSettings: "get: No settings file exists, new profile?" (new NotFoundError("Could not open the file at C:\\Users\\JAKUB~1.RUS\\AppData\\Local\\Temp\\rust_mozprofileIGFMKK\\search.json.mozlz4", (void 0)))
DevTools listening on ws://localhost:56485/devtools/browser/85d56234-ab76-4558-85f2-04b72fbd5398
1651008861462	Marionette	INFO	Listening on port 56508
Read port: 56508
1651008861496	RemoteAgent	WARN	TLS certificate errors will be ignored for this session
console.warn: LoginRecipes: "getRecipes: falling back to a synchronous message for:" "http://www.polskajazda.pl"
1651008867783	Marionette	INFO	Stopped listening on port 56508
1651009238557	geckodriver	INFO	Listening on 127.0.0.1:56576
1651009241580	mozrunner::runner	INFO	Running command: "C:\\Program Files\\Mozilla Firefox\\firefox.exe" "--marionette" "--remote-debugging-port" "56577" "--remote-allow-hosts" "localhost" "-no-remote" "-profile" "C:\\Users\\JAKUB~1.RUS\\AppData\\Local\\Temp\\rust_mozprofileRp2DY2"
1651009242918	Marionette	INFO	Marionette enabled
console.warn: SearchSettings: "get: No settings file exists, new profile?" (new NotFoundError("Could not open the file at C:\\Users\\JAKUB~1.RUS\\AppData\\Local\\Temp\\rust_mozprofileRp2DY2\\search.json.mozlz4", (void 0)))
DevTools listening on ws://localhost:56577/devtools/browser/615527dc-a29c-4b51-a24f-ea69c125bdea
1651009247994	Marionette	INFO	Listening on port 56601
Read port: 56601
1651009248095	RemoteAgent	WARN	TLS certificate errors will be ignored for this session
console.warn: LoginRecipes: "getRecipes: falling back to a synchronous message for:" "http://www.polskajazda.pl"
1651009254622	Marionette	INFO	Stopped listening on port 56601
1651009406419	geckodriver	INFO	Listening on 127.0.0.1:56668
1651009409469	mozrunner::runner	INFO	Running command: "C:\\Program Files\\Mozilla Firefox\\firefox.exe" "--marionette" "--remote-debugging-port" "56669" "--remote-allow-hosts" "localhost" "-no-remote" "-profile" "C:\\Users\\JAKUB~1.RUS\\AppData\\Local\\Temp\\rust_mozprofileJWbUwk"
1651009410241	Marionette	INFO	Marionette enabled
console.warn: SearchSettings: "get: No settings file exists, new profile?" (new NotFoundError("Could not open the file at C:\\Users\\JAKUB~1.RUS\\AppData\\Local\\Temp\\rust_mozprofileJWbUwk\\search.json.mozlz4", (void 0)))
DevTools listening on ws://localhost:56669/devtools/browser/39ac6f24-ad31-4e6c-be72-32de19fb068d
1651009413520	Marionette	INFO	Listening on port 56693
Read port: 56693
1651009413568	RemoteAgent	WARN	TLS certificate errors will be ignored for this session
1651009414691	Marionette	INFO	Stopped listening on port 56693
console.warn: TopSitesFeed: Failed to fetch data from Contile server: NetworkError when attempting to fetch resource.
JavaScript error: chrome://remote/content/marionette/cert.js, line 55: NS_ERROR_NOT_AVAILABLE: Component returned failure code: 0x80040111 (NS_ERROR_NOT_AVAILABLE) [nsICertOverrideService.setDisableAllSecurityChecksAndLetAttackersInterceptMyData]
1651009684768	geckodriver	INFO	Listening on 127.0.0.1:56729
1651009687851	mozrunner::runner	INFO	Running command: "C:\\Program Files\\Mozilla Firefox\\firefox.exe" "--marionette" "--remote-debugging-port" "56730" "--remote-allow-hosts" "localhost" "-no-remote" "-profile" "C:\\Users\\JAKUB~1.RUS\\AppData\\Local\\Temp\\rust_mozprofile2rAThD"
1651009688283	Marionette	INFO	Marionette enabled
console.warn: SearchSettings: "get: No settings file exists, new profile?" (new NotFoundError("Could not open the file at C:\\Users\\JAKUB~1.RUS\\AppData\\Local\\Temp\\rust_mozprofile2rAThD\\search.json.mozlz4", (void 0)))
DevTools listening on ws://localhost:56730/devtools/browser/834f63eb-a9ea-40b3-8b00-9100cb9e48f9
1651009691289	Marionette	INFO	Listening on port 56754
Read port: 56754
1651009691373	RemoteAgent	WARN	TLS certificate errors will be ignored for this session
console.warn: LoginRecipes: "getRecipes: falling back to a synchronous message for:" "http://www.polskajazda.pl"
1651009699696	Marionette	INFO	Stopped listening on port 56754
1651009762946	geckodriver	INFO	Listening on 127.0.0.1:56807
1651009766035	mozrunner::runner	INFO	Running command: "C:\\Program Files\\Mozilla Firefox\\firefox.exe" "--marionette" "--remote-debugging-port" "56808" "--remote-allow-hosts" "localhost" "-no-remote" "-profile" "C:\\Users\\JAKUB~1.RUS\\AppData\\Local\\Temp\\rust_mozprofileE1zSR1"
1651009767693	Marionette	INFO	Marionette enabled
console.warn: SearchSettings: "get: No settings file exists, new profile?" (new NotFoundError("Could not open the file at C:\\Users\\JAKUB~1.RUS\\AppData\\Local\\Temp\\rust_mozprofileE1zSR1\\search.json.mozlz4", (void 0)))
DevTools listening on ws://localhost:56808/devtools/browser/80222bd3-53ef-4bad-84b5-b070ab387bb8
1651009771353	Marionette	INFO	Listening on port 56833
Read port: 56833
1651009771473	RemoteAgent	WARN	TLS certificate errors will be ignored for this session
1651009772241	Marionette	INFO	Stopped listening on port 56833
console.warn: TopSitesFeed: Failed to fetch data from Contile server: NetworkError when attempting to fetch resource.
JavaScript error: chrome://remote/content/marionette/cert.js, line 55: NS_ERROR_NOT_AVAILABLE: Component returned failure code: 0x80040111 (NS_ERROR_NOT_AVAILABLE) [nsICertOverrideService.setDisableAllSecurityChecksAndLetAttackersInterceptMyData]
1651010014996	geckodriver	INFO	Listening on 127.0.0.1:56874
1651010018034	mozrunner::runner	INFO	Running command: "C:\\Program Files\\Mozilla Firefox\\firefox.exe" "--marionette" "--remote-debugging-port" "56875" "--remote-allow-hosts" "localhost" "-no-remote" "-profile" "C:\\Users\\JAKUB~1.RUS\\AppData\\Local\\Temp\\rust_mozprofileyktCdj"
1651010018872	Marionette	INFO	Marionette enabled
console.warn: SearchSettings: "get: No settings file exists, new profile?" (new NotFoundError("Could not open the file at C:\\Users\\JAKUB~1.RUS\\AppData\\Local\\Temp\\rust_mozprofileyktCdj\\search.json.mozlz4", (void 0)))
DevTools listening on ws://localhost:56875/devtools/browser/da074292-06a1-48b2-a161-ee2b93e5d37b
1651010021913	Marionette	INFO	Listening on port 56898
Read port: 56898
1651010021958	RemoteAgent	WARN	TLS certificate errors will be ignored for this session
console.warn: LoginRecipes: "getRecipes: falling back to a synchronous message for:" "http://www.polskajazda.pl"
1651010031302	Marionette	INFO	Stopped listening on port 56898
